e:\school\研一\课程\高级计算机系统结构\code\debug\vc142.pdb
e:\school\研一\课程\高级计算机系统结构\code\debug\main.obj
e:\school\研一\课程\高级计算机系统结构\code\debug\compiler_main.obj
e:\school\研一\课程\高级计算机系统结构\code\debug\tool.obj
e:\school\研一\课程\高级计算机系统结构\code\debug\risc_rf.obj
e:\school\研一\课程\高级计算机系统结构\code\debug\risc_pipeline.obj
e:\school\研一\课程\高级计算机系统结构\code\debug\risc_instruction.obj
e:\school\研一\课程\高级计算机系统结构\code\debug\risc_insmem.obj
e:\school\研一\课程\高级计算机系统结构\code\debug\risc_debug.obj
e:\school\研一\课程\高级计算机系统结构\code\debug\risc_datamem.obj
e:\school\研一\课程\高级计算机系统结构\code\debug\risc_control.obj
e:\school\研一\课程\高级计算机系统结构\code\debug\risc_alu.obj
e:\school\研一\课程\高级计算机系统结构\code\debug\ecnu_computerarchitecture.exe
e:\school\研一\课程\高级计算机系统结构\code\debug\ecnu_computerarchitecture.ilk
e:\school\研一\课程\高级计算机系统结构\code\debug\ecnu_computerarchitecture.pdb
e:\school\研一\课程\高级计算机系统结构\code\debug\ecnu_com.a55adeab.tlog\cl.command.1.tlog
e:\school\研一\课程\高级计算机系统结构\code\debug\ecnu_com.a55adeab.tlog\cl.read.1.tlog
e:\school\研一\课程\高级计算机系统结构\code\debug\ecnu_com.a55adeab.tlog\cl.write.1.tlog
e:\school\研一\课程\高级计算机系统结构\code\debug\ecnu_com.a55adeab.tlog\link.command.1.tlog
e:\school\研一\课程\高级计算机系统结构\code\debug\ecnu_com.a55adeab.tlog\link.read.1.tlog
e:\school\研一\课程\高级计算机系统结构\code\debug\ecnu_com.a55adeab.tlog\link.write.1.tlog
