shell  -----run.sh begin 2021年 10月 13日 星期三 00:29:01 CST -----
shell  make simulator and run it
make[1]: 进入目录“/home/rock/gitStore/ECNU_ComputerArchitecture/code”
make[1]: 离开目录“/home/rock/gitStore/ECNU_ComputerArchitecture/code”
make[1]: 进入目录“/home/rock/gitStore/ECNU_ComputerArchitecture/code”
make[1]: 离开目录“/home/rock/gitStore/ECNU_ComputerArchitecture/code”
shell ----- start simulator -----
input file path:/home/rock/gitStore/ECNU_ComputerArchitecture/file/
read INSMem from file:/home/rock/gitStore/ECNU_ComputerArchitecture/file/imem.txt
read data from file:/home/rock/gitStore/ECNU_ComputerArchitecture/file/dmem.txt
start PC:0

addi:00000000000100101000001010010011
func itype rs1 index:00101
func itype m_rs1:0000000000000000000000000000000000000000000000000000000000000000
control itype tmp_imm:00000000000000000000000000000001
OP1:0000000000000000000000000000000000000000000000000000000000000000
OP2:0000000000000000000000000000000000000000000000000000000000000001
rf itype m_rd:0000000000000000000000000000000000000000000000000000000000000001
set reg_index:5
set reg_data:0000000000000000000000000000000000000000000000000000000000000001
funcback IType get rd:00101
funcback IType rd:0000000000000000000000000000000000000000000000000000000000000001
after update PC:4
start PC:4

lw:00000000000000000010000010000011
func itype rs1 index:00000
func itype m_rs1:0000000000000000000000000000000000000000000000000000000000000000
control itype tmp_imm:00000000000000000000000000000000
OP1:0000000000000000000000000000000000000000000000000000000000000000
OP2:0000000000000000000000000000000000000000000000000000000000000000
load value:00000000000000000000000000000001
rf itype m_rd:0000000000000000000000000000000000000000000000000000000000000001
set reg_index:1
set reg_data:0000000000000000000000000000000000000000000000000000000000000001
funcback IType get rd:00001
funcback IType rd:0000000000000000000000000000000000000000000000000000000000000001
after update PC:8
start PC:8

lw:00000000010000000010000100000011
func itype rs1 index:00000
func itype m_rs1:0000000000000000000000000000000000000000000000000000000000000000
control itype tmp_imm:00000000000000000000000000000100
OP1:0000000000000000000000000000000000000000000000000000000000000000
OP2:0000000000000000000000000000000000000000000000000000000000000100
load value:00000000000000000000000000000010
rf itype m_rd:0000000000000000000000000000000000000000000000000000000000000010
set reg_index:2
set reg_data:0000000000000000000000000000000000000000000000000000000000000010
funcback IType get rd:00010
funcback IType rd:0000000000000000000000000000000000000000000000000000000000000010
after update PC:12
start PC:12

lw:00000000100000000010001100000011
func itype rs1 index:00000
func itype m_rs1:0000000000000000000000000000000000000000000000000000000000000000
control itype tmp_imm:00000000000000000000000000001000
OP1:0000000000000000000000000000000000000000000000000000000000000000
OP2:0000000000000000000000000000000000000000000000000000000000001000
load value:00000000000000000000000000000100
rf itype m_rd:0000000000000000000000000000000000000000000000000000000000000100
set reg_index:6
set reg_data:0000000000000000000000000000000000000000000000000000000000000100
funcback IType get rd:00110
funcback IType rd:0000000000000000000000000000000000000000000000000000000000000100
after update PC:16
start PC:16

add:00000000001000001000000110110011
func Rtype rs1 index:00001
func Rtype m_rs1:0000000000000000000000000000000000000000000000000000000000000001
func Rtype rs2 index:00010
func Rtype m_rs2:0000000000000000000000000000000000000000000000000000000000000010
OP1:0000000000000000000000000000000000000000000000000000000000000001
OP2:0000000000000000000000000000000000000000000000000000000000000010
set reg_index:3
set reg_data:0000000000000000000000000000000000000000000000000000000000000011
funcback rType get rd:00011
funcback rType rd:0000000000000000000000000000000000000000000000000000000000000011
after update PC:20
start PC:20

addi:00000000000100100000001000010011
func itype rs1 index:00100
func itype m_rs1:0000000000000000000000000000000000000000000000000000000000000000
control itype tmp_imm:00000000000000000000000000000001
OP1:0000000000000000000000000000000000000000000000000000000000000000
OP2:0000000000000000000000000000000000000000000000000000000000000001
rf itype m_rd:0000000000000000000000000000000000000000000000000000000000000001
set reg_index:4
set reg_data:0000000000000000000000000000000000000000000000000000000000000001
funcback IType get rd:00100
funcback IType rd:0000000000000000000000000000000000000000000000000000000000000001
after update PC:24
start PC:24

and:00000000010100100111001000110011
func Rtype rs1 index:00100
func Rtype m_rs1:0000000000000000000000000000000000000000000000000000000000000001
func Rtype rs2 index:00101
func Rtype m_rs2:0000000000000000000000000000000000000000000000000000000000000001
OP1:0000000000000000000000000000000000000000000000000000000000000001
OP2:0000000000000000000000000000000000000000000000000000000000000001
set reg_index:4
set reg_data:0000000000000000000000000000000000000000000000000000000000000001
funcback rType get rd:00100
funcback rType rd:0000000000000000000000000000000000000000000000000000000000000001
after update PC:28
start PC:28

sub:01000000010100110000001100110011
func Rtype rs1 index:00110
func Rtype m_rs1:0000000000000000000000000000000000000000000000000000000000000100
func Rtype rs2 index:00101
func Rtype m_rs2:0000000000000000000000000000000000000000000000000000000000000001
OP1:0000000000000000000000000000000000000000000000000000000000000100
OP2:0000000000000000000000000000000000000000000000000000000000000001
set reg_index:6
set reg_data:0000000000000000000000000000000000000000000000000000000000000011
funcback rType get rd:00110
funcback rType rd:0000000000000000000000000000000000000000000000000000000000000011
after update PC:32
start PC:32

beq:00000000111100110000011001100011
func sbtype rs1 index:00110
func sbtype m_rs1:0000000000000000000000000000000000000000000000000000000000000011
func sbtype rs2 index:01111
func sbtype m_rs2:0000000000000000000000000000000000000000000000000000000000000000
func sbtype imm:00000000000000000000000000011000
OP1:0000000000000000000000000000000000000000000000000000000000000011
OP2:0000000000000000000000000000000000000000000000000000000000000000
ALU BEQ reault:0000000000000000000000000000000000000000000000000000000000000011
control return alu result:0000000000000000000000000000000000000000000000000000000000000011
after update PC:36
start PC:36

beq:00000000010100100000001101100011
func sbtype rs1 index:00100
func sbtype m_rs1:0000000000000000000000000000000000000000000000000000000000000001
func sbtype rs2 index:00101
func sbtype m_rs2:0000000000000000000000000000000000000000000000000000000000000001
func sbtype imm:00000000000000000000000000001100
OP1:0000000000000000000000000000000000000000000000000000000000000001
OP2:0000000000000000000000000000000000000000000000000000000000000001
ALU BEQ reault:0000000000000000000000000000000000000000000000000000000000000000
control return alu result:0000000000000000000000000000000000000000000000000000000000000000
after update PC:48
start PC:48

addi:00000000000000011000000010010011
func itype rs1 index:00011
func itype m_rs1:0000000000000000000000000000000000000000000000000000000000000011
control itype tmp_imm:00000000000000000000000000000000
OP1:0000000000000000000000000000000000000000000000000000000000000011
OP2:0000000000000000000000000000000000000000000000000000000000000000
rf itype m_rd:0000000000000000000000000000000000000000000000000000000000000011
set reg_index:1
set reg_data:0000000000000000000000000000000000000000000000000000000000000011
funcback IType get rd:00001
funcback IType rd:0000000000000000000000000000000000000000000000000000000000000011
after update PC:52
start PC:52

jal:11111110110111111111111111101111
OP1:0000000000000000000000000000000011111111111111111111111111011000
OP2:0000000000000000000000000000000000000000000000000000000000000000
set reg_index:31
set reg_data:0000000000000000000000000000000011111111111111111111111111011000
control return alu result:0000000000000000000000000000000011111111111111111111111111011000
after update PC:16
start PC:16

add:00000000001000001000000110110011
func Rtype rs1 index:00001
func Rtype m_rs1:0000000000000000000000000000000000000000000000000000000000000011
func Rtype rs2 index:00010
func Rtype m_rs2:0000000000000000000000000000000000000000000000000000000000000010
OP1:0000000000000000000000000000000000000000000000000000000000000011
OP2:0000000000000000000000000000000000000000000000000000000000000010
set reg_index:3
set reg_data:0000000000000000000000000000000000000000000000000000000000000101
funcback rType get rd:00011
funcback rType rd:0000000000000000000000000000000000000000000000000000000000000101
after update PC:20
start PC:20

addi:00000000000100100000001000010011
func itype rs1 index:00100
func itype m_rs1:0000000000000000000000000000000000000000000000000000000000000001
control itype tmp_imm:00000000000000000000000000000001
OP1:0000000000000000000000000000000000000000000000000000000000000001
OP2:0000000000000000000000000000000000000000000000000000000000000001
rf itype m_rd:0000000000000000000000000000000000000000000000000000000000000010
set reg_index:4
set reg_data:0000000000000000000000000000000000000000000000000000000000000010
funcback IType get rd:00100
funcback IType rd:0000000000000000000000000000000000000000000000000000000000000010
after update PC:24
start PC:24

and:00000000010100100111001000110011
func Rtype rs1 index:00100
func Rtype m_rs1:0000000000000000000000000000000000000000000000000000000000000010
func Rtype rs2 index:00101
func Rtype m_rs2:0000000000000000000000000000000000000000000000000000000000000001
OP1:0000000000000000000000000000000000000000000000000000000000000010
OP2:0000000000000000000000000000000000000000000000000000000000000001
set reg_index:4
set reg_data:0000000000000000000000000000000000000000000000000000000000000000
funcback rType get rd:00100
funcback rType rd:0000000000000000000000000000000000000000000000000000000000000000
after update PC:28
start PC:28

sub:01000000010100110000001100110011
func Rtype rs1 index:00110
func Rtype m_rs1:0000000000000000000000000000000000000000000000000000000000000011
func Rtype rs2 index:00101
func Rtype m_rs2:0000000000000000000000000000000000000000000000000000000000000001
OP1:0000000000000000000000000000000000000000000000000000000000000011
OP2:0000000000000000000000000000000000000000000000000000000000000001
set reg_index:6
set reg_data:0000000000000000000000000000000000000000000000000000000000000010
funcback rType get rd:00110
funcback rType rd:0000000000000000000000000000000000000000000000000000000000000010
after update PC:32
start PC:32

beq:00000000111100110000011001100011
func sbtype rs1 index:00110
func sbtype m_rs1:0000000000000000000000000000000000000000000000000000000000000010
func sbtype rs2 index:01111
func sbtype m_rs2:0000000000000000000000000000000000000000000000000000000000000000
func sbtype imm:00000000000000000000000000011000
OP1:0000000000000000000000000000000000000000000000000000000000000010
OP2:0000000000000000000000000000000000000000000000000000000000000000
ALU BEQ reault:0000000000000000000000000000000000000000000000000000000000000010
control return alu result:0000000000000000000000000000000000000000000000000000000000000010
after update PC:36
start PC:36

beq:00000000010100100000001101100011
func sbtype rs1 index:00100
func sbtype m_rs1:0000000000000000000000000000000000000000000000000000000000000000
func sbtype rs2 index:00101
func sbtype m_rs2:0000000000000000000000000000000000000000000000000000000000000001
func sbtype imm:00000000000000000000000000001100
OP1:0000000000000000000000000000000000000000000000000000000000000000
OP2:0000000000000000000000000000000000000000000000000000000000000001
ALU BEQ reault:1111111111111111111111111111111111111111111111111111111111111111
control return alu result:1111111111111111111111111111111111111111111111111111111111111111
after update PC:40
start PC:40

addi:00000000000000011000000100010011
func itype rs1 index:00011
func itype m_rs1:0000000000000000000000000000000000000000000000000000000000000101
control itype tmp_imm:00000000000000000000000000000000
OP1:0000000000000000000000000000000000000000000000000000000000000101
OP2:0000000000000000000000000000000000000000000000000000000000000000
rf itype m_rd:0000000000000000000000000000000000000000000000000000000000000101
set reg_index:2
set reg_data:0000000000000000000000000000000000000000000000000000000000000101
funcback IType get rd:00010
funcback IType rd:0000000000000000000000000000000000000000000000000000000000000101
after update PC:44
start PC:44

jal:11111111000111111111000001101111
OP1:0000000000000000000000000000000011111111111111111111111111100000
OP2:0000000000000000000000000000000000000000000000000000000000000000
set reg_index:0
set reg_data:0000000000000000000000000000000011111111111111111111111111100000
control return alu result:0000000000000000000000000000000011111111111111111111111111100000
after update PC:16
start PC:16

add:00000000001000001000000110110011
func Rtype rs1 index:00001
func Rtype m_rs1:0000000000000000000000000000000000000000000000000000000000000011
func Rtype rs2 index:00010
func Rtype m_rs2:0000000000000000000000000000000000000000000000000000000000000101
OP1:0000000000000000000000000000000000000000000000000000000000000011
OP2:0000000000000000000000000000000000000000000000000000000000000101
set reg_index:3
set reg_data:0000000000000000000000000000000000000000000000000000000000001000
funcback rType get rd:00011
funcback rType rd:0000000000000000000000000000000000000000000000000000000000001000
after update PC:20
start PC:20

addi:00000000000100100000001000010011
func itype rs1 index:00100
func itype m_rs1:0000000000000000000000000000000000000000000000000000000000000000
control itype tmp_imm:00000000000000000000000000000001
OP1:0000000000000000000000000000000000000000000000000000000000000000
OP2:0000000000000000000000000000000000000000000000000000000000000001
rf itype m_rd:0000000000000000000000000000000000000000000000000000000000000001
set reg_index:4
set reg_data:0000000000000000000000000000000000000000000000000000000000000001
funcback IType get rd:00100
funcback IType rd:0000000000000000000000000000000000000000000000000000000000000001
after update PC:24
start PC:24

and:00000000010100100111001000110011
func Rtype rs1 index:00100
func Rtype m_rs1:0000000000000000000000000000000000000000000000000000000000000001
func Rtype rs2 index:00101
func Rtype m_rs2:0000000000000000000000000000000000000000000000000000000000000001
OP1:0000000000000000000000000000000000000000000000000000000000000001
OP2:0000000000000000000000000000000000000000000000000000000000000001
set reg_index:4
set reg_data:0000000000000000000000000000000000000000000000000000000000000001
funcback rType get rd:00100
funcback rType rd:0000000000000000000000000000000000000000000000000000000000000001
after update PC:28
start PC:28

sub:01000000010100110000001100110011
func Rtype rs1 index:00110
func Rtype m_rs1:0000000000000000000000000000000000000000000000000000000000000010
func Rtype rs2 index:00101
func Rtype m_rs2:0000000000000000000000000000000000000000000000000000000000000001
OP1:0000000000000000000000000000000000000000000000000000000000000010
OP2:0000000000000000000000000000000000000000000000000000000000000001
set reg_index:6
set reg_data:0000000000000000000000000000000000000000000000000000000000000001
funcback rType get rd:00110
funcback rType rd:0000000000000000000000000000000000000000000000000000000000000001
after update PC:32
start PC:32

beq:00000000111100110000011001100011
func sbtype rs1 index:00110
func sbtype m_rs1:0000000000000000000000000000000000000000000000000000000000000001
func sbtype rs2 index:01111
func sbtype m_rs2:0000000000000000000000000000000000000000000000000000000000000000
func sbtype imm:00000000000000000000000000011000
OP1:0000000000000000000000000000000000000000000000000000000000000001
OP2:0000000000000000000000000000000000000000000000000000000000000000
ALU BEQ reault:0000000000000000000000000000000000000000000000000000000000000001
control return alu result:0000000000000000000000000000000000000000000000000000000000000001
after update PC:36
start PC:36

beq:00000000010100100000001101100011
func sbtype rs1 index:00100
func sbtype m_rs1:0000000000000000000000000000000000000000000000000000000000000001
func sbtype rs2 index:00101
func sbtype m_rs2:0000000000000000000000000000000000000000000000000000000000000001
func sbtype imm:00000000000000000000000000001100
OP1:0000000000000000000000000000000000000000000000000000000000000001
OP2:0000000000000000000000000000000000000000000000000000000000000001
ALU BEQ reault:0000000000000000000000000000000000000000000000000000000000000000
control return alu result:0000000000000000000000000000000000000000000000000000000000000000
after update PC:48
start PC:48

addi:00000000000000011000000010010011
func itype rs1 index:00011
func itype m_rs1:0000000000000000000000000000000000000000000000000000000000001000
control itype tmp_imm:00000000000000000000000000000000
OP1:0000000000000000000000000000000000000000000000000000000000001000
OP2:0000000000000000000000000000000000000000000000000000000000000000
rf itype m_rd:0000000000000000000000000000000000000000000000000000000000001000
set reg_index:1
set reg_data:0000000000000000000000000000000000000000000000000000000000001000
funcback IType get rd:00001
funcback IType rd:0000000000000000000000000000000000000000000000000000000000001000
after update PC:52
start PC:52

jal:11111110110111111111111111101111
OP1:0000000000000000000000000000000011111111111111111111111111011000
OP2:0000000000000000000000000000000000000000000000000000000000000000
set reg_index:31
set reg_data:0000000000000000000000000000000011111111111111111111111111011000
control return alu result:0000000000000000000000000000000011111111111111111111111111011000
after update PC:16
start PC:16

add:00000000001000001000000110110011
func Rtype rs1 index:00001
func Rtype m_rs1:0000000000000000000000000000000000000000000000000000000000001000
func Rtype rs2 index:00010
func Rtype m_rs2:0000000000000000000000000000000000000000000000000000000000000101
OP1:0000000000000000000000000000000000000000000000000000000000001000
OP2:0000000000000000000000000000000000000000000000000000000000000101
set reg_index:3
set reg_data:0000000000000000000000000000000000000000000000000000000000001101
funcback rType get rd:00011
funcback rType rd:0000000000000000000000000000000000000000000000000000000000001101
after update PC:20
start PC:20

addi:00000000000100100000001000010011
func itype rs1 index:00100
func itype m_rs1:0000000000000000000000000000000000000000000000000000000000000001
control itype tmp_imm:00000000000000000000000000000001
OP1:0000000000000000000000000000000000000000000000000000000000000001
OP2:0000000000000000000000000000000000000000000000000000000000000001
rf itype m_rd:0000000000000000000000000000000000000000000000000000000000000010
set reg_index:4
set reg_data:0000000000000000000000000000000000000000000000000000000000000010
funcback IType get rd:00100
funcback IType rd:0000000000000000000000000000000000000000000000000000000000000010
after update PC:24
start PC:24

and:00000000010100100111001000110011
func Rtype rs1 index:00100
func Rtype m_rs1:0000000000000000000000000000000000000000000000000000000000000010
func Rtype rs2 index:00101
func Rtype m_rs2:0000000000000000000000000000000000000000000000000000000000000001
OP1:0000000000000000000000000000000000000000000000000000000000000010
OP2:0000000000000000000000000000000000000000000000000000000000000001
set reg_index:4
set reg_data:0000000000000000000000000000000000000000000000000000000000000000
funcback rType get rd:00100
funcback rType rd:0000000000000000000000000000000000000000000000000000000000000000
after update PC:28
start PC:28

sub:01000000010100110000001100110011
func Rtype rs1 index:00110
func Rtype m_rs1:0000000000000000000000000000000000000000000000000000000000000001
func Rtype rs2 index:00101
func Rtype m_rs2:0000000000000000000000000000000000000000000000000000000000000001
OP1:0000000000000000000000000000000000000000000000000000000000000001
OP2:0000000000000000000000000000000000000000000000000000000000000001
set reg_index:6
set reg_data:0000000000000000000000000000000000000000000000000000000000000000
funcback rType get rd:00110
funcback rType rd:0000000000000000000000000000000000000000000000000000000000000000
after update PC:32
start PC:32

beq:00000000111100110000011001100011
func sbtype rs1 index:00110
func sbtype m_rs1:0000000000000000000000000000000000000000000000000000000000000000
func sbtype rs2 index:01111
func sbtype m_rs2:0000000000000000000000000000000000000000000000000000000000000000
func sbtype imm:00000000000000000000000000011000
OP1:0000000000000000000000000000000000000000000000000000000000000000
OP2:0000000000000000000000000000000000000000000000000000000000000000
ALU BEQ reault:0000000000000000000000000000000000000000000000000000000000000000
control return alu result:0000000000000000000000000000000000000000000000000000000000000000
after update PC:56
start PC:56

sw:00000000001100000010011000100011
func stype rs1 index:00000
func stype m_rs1:0000000000000000000000000000000011111111111111111111111111100000
func stype rs2 index:00011
func stype m_rs2:0000000000000000000000000000000000000000000000000000000000001101
OP1:0000000000000000000000000000000011111111111111111111111111100000
OP2:0000000000000000000000000000000000000000000000000000000000001100
control DataMem_Func
store Address:0000000000000000000000000000000011111111111111111111111111101100
store data:0000000000000000000000000000000000000000000000000000000000001101
shell ----- end simulator -----
shell  -----run.sh end   2021年 10月 13日 星期三 00:29:04 CST -----
